<?xml version="1.0" encoding="UTF-8"?>
<!-- Generated by org.testng.reporters.JUnitXMLReporter -->
<testsuite ignored="3" hostname="5CG9378HNN" failures="0" tests="1" name="Test" time="13.397" errors="0" timestamp="2023-08-01T08:30:59 IST">
  <testcase classname="com.Obsqura.rmartSupermarket.testscript.LoginTest" name="verifyThatUserAbleToLoginWithValidCredential" time="3.338"/>
  <testcase classname="com.Obsqura.rmartSupermarket.testscript.LoginTest" name="verifyThatUserUnableToLoginWithValidUserNameAndInvalidPassword" time="0.0">
    <ignored/>
  </testcase> <!-- verifyThatUserUnableToLoginWithValidUserNameAndInvalidPassword -->
  <testcase classname="com.Obsqura.rmartSupermarket.testscript.LoginTest" name="verifyThatUserUnableToLoginWithInvalidUserNameAndValidPassword" time="0.0">
    <ignored/>
  </testcase> <!-- verifyThatUserUnableToLoginWithInvalidUserNameAndValidPassword -->
  <testcase classname="com.Obsqura.rmartSupermarket.testscript.LoginTest" name="verifyThatUserUnableToLoginWithInvalidUserNameAndInvalidPassword" time="0.0">
    <ignored/>
  </testcase> <!-- verifyThatUserUnableToLoginWithInvalidUserNameAndInvalidPassword -->
</testsuite> <!-- Test -->
